<?xml version="1.0" encoding="UTF-8"?>
<testng-results skipped="0" failed="0" ignored="0" total="2" passed="2">
  <reporter-output>
  </reporter-output>
  <suite name="Command line suite" duration-ms="39" started-at="2018-10-08T09:53:12Z" finished-at="2018-10-08T09:53:12Z">
    <groups>
    </groups>
    <test name="Command line test" duration-ms="39" started-at="2018-10-08T09:53:12Z" finished-at="2018-10-08T09:53:12Z">
      <class name="myTest.TestCases1">
        <test-method status="PASS" signature="test1()[pri:0, instance:myTest.TestCases1@39fb3ab6]" name="test1" duration-ms="9" started-at="2018-10-08T09:53:12Z" finished-at="2018-10-08T09:53:12Z">
          <reporter-output>
          </reporter-output>
        </test-method> <!-- test1 -->
      </class> <!-- myTest.TestCases1 -->
      <class name="myTest.TestCases2">
        <test-method status="PASS" signature="test1()[pri:0, instance:myTest.TestCases2@6276ae34]" name="test1" duration-ms="0" started-at="2018-10-08T09:53:12Z" finished-at="2018-10-08T09:53:12Z">
          <reporter-output>
          </reporter-output>
        </test-method> <!-- test1 -->
      </class> <!-- myTest.TestCases2 -->
    </test> <!-- Command line test -->
  </suite> <!-- Command line suite -->
</testng-results>
