<?xml version="1.0" encoding="UTF-8"?>
<testng-results skipped="0" failed="0" ignored="0" total="1" passed="1">
  <reporter-output>
  </reporter-output>
  <suite name="Default suite" duration-ms="41" started-at="2018-10-08T07:02:17Z" finished-at="2018-10-08T07:02:17Z">
    <groups>
    </groups>
    <test name="Default test" duration-ms="41" started-at="2018-10-08T07:02:17Z" finished-at="2018-10-08T07:02:17Z">
      <class name="myTest.TestCases1">
        <test-method status="PASS" signature="test1()[pri:0, instance:myTest.TestCases1@56ef9176]" name="test1" duration-ms="14" started-at="2018-10-08T07:02:17Z" finished-at="2018-10-08T07:02:17Z">
          <reporter-output>
          </reporter-output>
        </test-method> <!-- test1 -->
      </class> <!-- myTest.TestCases1 -->
    </test> <!-- Default test -->
  </suite> <!-- Default suite -->
</testng-results>
